Determining if the pthread_create exist failed with the following output:
Change Dir: /home/xuqi/proj/Private/Linux-NoteBook/Code-Snap/02/cmake-build-debug/CMakeFiles/CMakeTmp

Run Build Command:"/usr/bin/make" "cmTC_74323/fast"
make[1]: Entering directory '/media/root/d734d900-672a-4ab2-b5e9-a4ba6f543d28/xuqi/proj/Private/Linux-NoteBook/Code-Snap/02/cmake-build-debug/CMakeFiles/CMakeTmp'
/usr/bin/make -f CMakeFiles/cmTC_74323.dir/build.make CMakeFiles/cmTC_74323.dir/build
make[2]: Entering directory '/media/root/d734d900-672a-4ab2-b5e9-a4ba6f543d28/xuqi/proj/Private/Linux-NoteBook/Code-Snap/02/cmake-build-debug/CMakeFiles/CMakeTmp'
Building C object CMakeFiles/cmTC_74323.dir/CheckSymbolExists.c.o
/usr/bin/cc    -o CMakeFiles/cmTC_74323.dir/CheckSymbolExists.c.o   -c /home/xuqi/proj/Private/Linux-NoteBook/Code-Snap/02/cmake-build-debug/CMakeFiles/CMakeTmp/CheckSymbolExists.c
Linking C executable cmTC_74323
/home/xuqi/Tool/clion-2018.3.4/bin/cmake/linux/bin/cmake -E cmake_link_script CMakeFiles/cmTC_74323.dir/link.txt --verbose=1
/usr/bin/cc      CMakeFiles/cmTC_74323.dir/CheckSymbolExists.c.o  -o cmTC_74323 
CMakeFiles/cmTC_74323.dir/CheckSymbolExists.c.o: In function `main':
CheckSymbolExists.c:(.text+0x16): undefined reference to `pthread_create'
collect2: error: ld returned 1 exit status
CMakeFiles/cmTC_74323.dir/build.make:86: recipe for target 'cmTC_74323' failed
make[2]: *** [cmTC_74323] Error 1
make[2]: Leaving directory '/media/root/d734d900-672a-4ab2-b5e9-a4ba6f543d28/xuqi/proj/Private/Linux-NoteBook/Code-Snap/02/cmake-build-debug/CMakeFiles/CMakeTmp'
Makefile:121: recipe for target 'cmTC_74323/fast' failed
make[1]: *** [cmTC_74323/fast] Error 2
make[1]: Leaving directory '/media/root/d734d900-672a-4ab2-b5e9-a4ba6f543d28/xuqi/proj/Private/Linux-NoteBook/Code-Snap/02/cmake-build-debug/CMakeFiles/CMakeTmp'

File /home/xuqi/proj/Private/Linux-NoteBook/Code-Snap/02/cmake-build-debug/CMakeFiles/CMakeTmp/CheckSymbolExists.c:
/* */
#include <pthread.h>

int main(int argc, char** argv)
{
  (void)argv;
#ifndef pthread_create
  return ((int*)(&pthread_create))[argc];
#else
  (void)argc;
  return 0;
#endif
}

Determining if the function pthread_create exists in the pthreads failed with the following output:
Change Dir: /home/xuqi/proj/Private/Linux-NoteBook/Code-Snap/02/cmake-build-debug/CMakeFiles/CMakeTmp

Run Build Command:"/usr/bin/make" "cmTC_93850/fast"
make[1]: Entering directory '/media/root/d734d900-672a-4ab2-b5e9-a4ba6f543d28/xuqi/proj/Private/Linux-NoteBook/Code-Snap/02/cmake-build-debug/CMakeFiles/CMakeTmp'
/usr/bin/make -f CMakeFiles/cmTC_93850.dir/build.make CMakeFiles/cmTC_93850.dir/build
make[2]: Entering directory '/media/root/d734d900-672a-4ab2-b5e9-a4ba6f543d28/xuqi/proj/Private/Linux-NoteBook/Code-Snap/02/cmake-build-debug/CMakeFiles/CMakeTmp'
Building C object CMakeFiles/cmTC_93850.dir/CheckFunctionExists.c.o
/usr/bin/cc   -DCHECK_FUNCTION_EXISTS=pthread_create   -o CMakeFiles/cmTC_93850.dir/CheckFunctionExists.c.o   -c /home/xuqi/Tool/clion-2018.3.4/bin/cmake/linux/share/cmake-3.13/Modules/CheckFunctionExists.c
Linking C executable cmTC_93850
/home/xuqi/Tool/clion-2018.3.4/bin/cmake/linux/bin/cmake -E cmake_link_script CMakeFiles/cmTC_93850.dir/link.txt --verbose=1
/usr/bin/cc  -DCHECK_FUNCTION_EXISTS=pthread_create    CMakeFiles/cmTC_93850.dir/CheckFunctionExists.c.o  -o cmTC_93850 -lpthreads 
/usr/bin/ld: cannot find -lpthreads
collect2: error: ld returned 1 exit status
CMakeFiles/cmTC_93850.dir/build.make:86: recipe for target 'cmTC_93850' failed
make[2]: *** [cmTC_93850] Error 1
make[2]: Leaving directory '/media/root/d734d900-672a-4ab2-b5e9-a4ba6f543d28/xuqi/proj/Private/Linux-NoteBook/Code-Snap/02/cmake-build-debug/CMakeFiles/CMakeTmp'
Makefile:121: recipe for target 'cmTC_93850/fast' failed
make[1]: *** [cmTC_93850/fast] Error 2
make[1]: Leaving directory '/media/root/d734d900-672a-4ab2-b5e9-a4ba6f543d28/xuqi/proj/Private/Linux-NoteBook/Code-Snap/02/cmake-build-debug/CMakeFiles/CMakeTmp'


