Determining if the pthread_create exist failed with the following output:
Change Dir: /home/xuqi/proj/Private/Linux-NoteBook/Code-Snap/01_CppPrimer/cmake-build-debug/CMakeFiles/CMakeTmp

Run Build Command:"/usr/bin/make" "cmTC_bd6cd/fast"
make[1]: Entering directory '/media/root/d734d900-672a-4ab2-b5e9-a4ba6f543d281/xuqi/proj/Private/Linux-NoteBook/Code-Snap/01_CppPrimer/cmake-build-debug/CMakeFiles/CMakeTmp'
/usr/bin/make -f CMakeFiles/cmTC_bd6cd.dir/build.make CMakeFiles/cmTC_bd6cd.dir/build
make[2]: Entering directory '/media/root/d734d900-672a-4ab2-b5e9-a4ba6f543d281/xuqi/proj/Private/Linux-NoteBook/Code-Snap/01_CppPrimer/cmake-build-debug/CMakeFiles/CMakeTmp'
Building C object CMakeFiles/cmTC_bd6cd.dir/CheckSymbolExists.c.o
/usr/bin/cc    -o CMakeFiles/cmTC_bd6cd.dir/CheckSymbolExists.c.o   -c /home/xuqi/proj/Private/Linux-NoteBook/Code-Snap/01_CppPrimer/cmake-build-debug/CMakeFiles/CMakeTmp/CheckSymbolExists.c
Linking C executable cmTC_bd6cd
/home/xuqi/Tool/clion-2018.3.4/bin/cmake/linux/bin/cmake -E cmake_link_script CMakeFiles/cmTC_bd6cd.dir/link.txt --verbose=1
/usr/bin/cc      CMakeFiles/cmTC_bd6cd.dir/CheckSymbolExists.c.o  -o cmTC_bd6cd 
CMakeFiles/cmTC_bd6cd.dir/CheckSymbolExists.c.o: In function `main':
CheckSymbolExists.c:(.text+0x16): undefined reference to `pthread_create'
collect2: error: ld returned 1 exit status
CMakeFiles/cmTC_bd6cd.dir/build.make:86: recipe for target 'cmTC_bd6cd' failed
make[2]: *** [cmTC_bd6cd] Error 1
make[2]: Leaving directory '/media/root/d734d900-672a-4ab2-b5e9-a4ba6f543d281/xuqi/proj/Private/Linux-NoteBook/Code-Snap/01_CppPrimer/cmake-build-debug/CMakeFiles/CMakeTmp'
Makefile:121: recipe for target 'cmTC_bd6cd/fast' failed
make[1]: *** [cmTC_bd6cd/fast] Error 2
make[1]: Leaving directory '/media/root/d734d900-672a-4ab2-b5e9-a4ba6f543d281/xuqi/proj/Private/Linux-NoteBook/Code-Snap/01_CppPrimer/cmake-build-debug/CMakeFiles/CMakeTmp'

File /home/xuqi/proj/Private/Linux-NoteBook/Code-Snap/01_CppPrimer/cmake-build-debug/CMakeFiles/CMakeTmp/CheckSymbolExists.c:
/* */
#include <pthread.h>

int main(int argc, char** argv)
{
  (void)argv;
#ifndef pthread_create
  return ((int*)(&pthread_create))[argc];
#else
  (void)argc;
  return 0;
#endif
}

Determining if the function pthread_create exists in the pthreads failed with the following output:
Change Dir: /home/xuqi/proj/Private/Linux-NoteBook/Code-Snap/01_CppPrimer/cmake-build-debug/CMakeFiles/CMakeTmp

Run Build Command:"/usr/bin/make" "cmTC_32c16/fast"
make[1]: Entering directory '/media/root/d734d900-672a-4ab2-b5e9-a4ba6f543d281/xuqi/proj/Private/Linux-NoteBook/Code-Snap/01_CppPrimer/cmake-build-debug/CMakeFiles/CMakeTmp'
/usr/bin/make -f CMakeFiles/cmTC_32c16.dir/build.make CMakeFiles/cmTC_32c16.dir/build
make[2]: Entering directory '/media/root/d734d900-672a-4ab2-b5e9-a4ba6f543d281/xuqi/proj/Private/Linux-NoteBook/Code-Snap/01_CppPrimer/cmake-build-debug/CMakeFiles/CMakeTmp'
Building C object CMakeFiles/cmTC_32c16.dir/CheckFunctionExists.c.o
/usr/bin/cc   -DCHECK_FUNCTION_EXISTS=pthread_create   -o CMakeFiles/cmTC_32c16.dir/CheckFunctionExists.c.o   -c /home/xuqi/Tool/clion-2018.3.4/bin/cmake/linux/share/cmake-3.13/Modules/CheckFunctionExists.c
Linking C executable cmTC_32c16
/home/xuqi/Tool/clion-2018.3.4/bin/cmake/linux/bin/cmake -E cmake_link_script CMakeFiles/cmTC_32c16.dir/link.txt --verbose=1
/usr/bin/cc  -DCHECK_FUNCTION_EXISTS=pthread_create    CMakeFiles/cmTC_32c16.dir/CheckFunctionExists.c.o  -o cmTC_32c16 -lpthreads 
/usr/bin/ld: cannot find -lpthreads
collect2: error: ld returned 1 exit status
CMakeFiles/cmTC_32c16.dir/build.make:86: recipe for target 'cmTC_32c16' failed
make[2]: *** [cmTC_32c16] Error 1
make[2]: Leaving directory '/media/root/d734d900-672a-4ab2-b5e9-a4ba6f543d281/xuqi/proj/Private/Linux-NoteBook/Code-Snap/01_CppPrimer/cmake-build-debug/CMakeFiles/CMakeTmp'
Makefile:121: recipe for target 'cmTC_32c16/fast' failed
make[1]: *** [cmTC_32c16/fast] Error 2
make[1]: Leaving directory '/media/root/d734d900-672a-4ab2-b5e9-a4ba6f543d281/xuqi/proj/Private/Linux-NoteBook/Code-Snap/01_CppPrimer/cmake-build-debug/CMakeFiles/CMakeTmp'


